{
  "stats": {
    "suites": 1,
    "tests": 1,
    "passes": 1,
    "pending": 0,
    "failures": 0,
    "start": "2023-12-14T16:50:19.401Z",
    "end": "2023-12-14T16:51:18.507Z",
    "duration": 59106,
    "testsRegistered": 9,
    "passPercent": 11.11111111111111,
    "pendingPercent": 0,
    "other": 0,
    "hasOther": false,
    "skipped": 8,
    "hasSkipped": true
  },
  "results": [
    {
      "uuid": "4cf3b1ef-df44-4f2d-92ef-9f9a189b1b16",
      "title": "",
      "fullFile": "cypress/e2e/Functional/enrollment.cy.js",
      "file": "cypress/e2e/Functional/enrollment.cy.js",
      "beforeHooks": [],
      "afterHooks": [],
      "tests": [],
      "suites": [
        {
          "uuid": "e3b796bb-2a16-4498-9c53-7c6e08bce23b",
          "title": "Check the 'Enrollment' form submission for Stage Environment",
          "fullFile": "",
          "file": "",
          "beforeHooks": [],
          "afterHooks": [],
          "tests": [
            {
              "title": "Verify 'Enrollment' form submission for the page: /insurance/eecu/mnl/add in Stage Environment",
              "fullTitle": "Check the 'Enrollment' form submission for Stage Environment Verify 'Enrollment' form submission for the page: /insurance/eecu/mnl/add in Stage Environment",
              "timedOut": null,
              "duration": 52157,
              "state": "passed",
              "speed": "slow",
              "pass": true,
              "fail": false,
              "pending": false,
              "context": null,
              "code": "cy.visit(testUrl);\ncy.stageEnrollmentFormSubmissionViaUI(testUrl, page.enroll_state, page.enroll_accesscode, page.enroll_lname, page.enroll_fname, page.enroll_mi, page.enroll_address1, page.enroll_address2, page.enroll_city, page.enroll_zip, page.cov_email);",
              "err": {},
              "uuid": "851a0010-9b7f-4665-b001-5eaa93033c8e",
              "parentUUID": "e3b796bb-2a16-4498-9c53-7c6e08bce23b",
              "isHook": false,
              "skipped": false
            },
            {
              "title": "Verify 'Enrollment' form submission for the page: /insurance/truist/mnl/hap/524727013 in Stage Environment",
              "fullTitle": "Check the 'Enrollment' form submission for Stage Environment Verify 'Enrollment' form submission for the page: /insurance/truist/mnl/hap/524727013 in Stage Environment",
              "timedOut": null,
              "duration": 0,
              "state": "skipped",
              "speed": null,
              "pass": false,
              "fail": false,
              "pending": false,
              "context": null,
              "code": "cy.visit(testUrl);\ncy.stageEnrollmentFormSubmissionViaUI(testUrl, page.enroll_state, page.enroll_accesscode, page.enroll_lname, page.enroll_fname, page.enroll_mi, page.enroll_address1, page.enroll_address2, page.enroll_city, page.enroll_zip, page.cov_email);",
              "err": {},
              "uuid": "717685f8-37f8-46fa-b1ac-e73056513fc7",
              "parentUUID": "e3b796bb-2a16-4498-9c53-7c6e08bce23b",
              "isHook": false,
              "skipped": true
            },
            {
              "title": "Verify 'Enrollment' form submission for the page: /insurance/abc-credit-union-chubb/chubb/add in Stage Environment",
              "fullTitle": "Check the 'Enrollment' form submission for Stage Environment Verify 'Enrollment' form submission for the page: /insurance/abc-credit-union-chubb/chubb/add in Stage Environment",
              "timedOut": null,
              "duration": 0,
              "state": "skipped",
              "speed": null,
              "pass": false,
              "fail": false,
              "pending": false,
              "context": null,
              "code": "cy.visit(testUrl);\ncy.stageEnrollmentFormSubmissionViaUI(testUrl, page.enroll_state, page.enroll_accesscode, page.enroll_lname, page.enroll_fname, page.enroll_mi, page.enroll_address1, page.enroll_address2, page.enroll_city, page.enroll_zip, page.cov_email);",
              "err": {},
              "uuid": "f92d63f6-3423-4aa7-b052-228e189a9c94",
              "parentUUID": "e3b796bb-2a16-4498-9c53-7c6e08bce23b",
              "isHook": false,
              "skipped": true
            },
            {
              "title": "Verify 'Enrollment' form submission for the page: /insurance/woodforest-national-bank/mnl/add in Stage Environment",
              "fullTitle": "Check the 'Enrollment' form submission for Stage Environment Verify 'Enrollment' form submission for the page: /insurance/woodforest-national-bank/mnl/add in Stage Environment",
              "timedOut": null,
              "duration": 0,
              "state": "skipped",
              "speed": null,
              "pass": false,
              "fail": false,
              "pending": false,
              "context": null,
              "code": "cy.visit(testUrl);\ncy.stageEnrollmentFormSubmissionViaUI(testUrl, page.enroll_state, page.enroll_accesscode, page.enroll_lname, page.enroll_fname, page.enroll_mi, page.enroll_address1, page.enroll_address2, page.enroll_city, page.enroll_zip, page.cov_email);",
              "err": {},
              "uuid": "57aff0a9-20c0-44bd-95b4-2501c2ddb3b3",
              "parentUUID": "e3b796bb-2a16-4498-9c53-7c6e08bce23b",
              "isHook": false,
              "skipped": true
            },
            {
              "title": "Verify 'Enrollment' form submission for the page: /insurance/sefcu/securian/add in Stage Environment",
              "fullTitle": "Check the 'Enrollment' form submission for Stage Environment Verify 'Enrollment' form submission for the page: /insurance/sefcu/securian/add in Stage Environment",
              "timedOut": null,
              "duration": 0,
              "state": "skipped",
              "speed": null,
              "pass": false,
              "fail": false,
              "pending": false,
              "context": null,
              "code": "cy.visit(testUrl);\ncy.stageEnrollmentFormSubmissionViaUI(testUrl, page.enroll_state, page.enroll_accesscode, page.enroll_lname, page.enroll_fname, page.enroll_mi, page.enroll_address1, page.enroll_address2, page.enroll_city, page.enroll_zip, page.cov_email);",
              "err": {},
              "uuid": "bca1b801-2c61-40fd-8f3a-7960966506b3",
              "parentUUID": "e3b796bb-2a16-4498-9c53-7c6e08bce23b",
              "isHook": false,
              "skipped": true
            },
            {
              "title": "Verify 'Enrollment' form submission for the page: /insurance/vantage-credit-union/sirius/add in Stage Environment",
              "fullTitle": "Check the 'Enrollment' form submission for Stage Environment Verify 'Enrollment' form submission for the page: /insurance/vantage-credit-union/sirius/add in Stage Environment",
              "timedOut": null,
              "duration": 0,
              "state": "skipped",
              "speed": null,
              "pass": false,
              "fail": false,
              "pending": false,
              "context": null,
              "code": "cy.visit(testUrl);\ncy.stageEnrollmentFormSubmissionViaUI(testUrl, page.enroll_state, page.enroll_accesscode, page.enroll_lname, page.enroll_fname, page.enroll_mi, page.enroll_address1, page.enroll_address2, page.enroll_city, page.enroll_zip, page.cov_email);",
              "err": {},
              "uuid": "8e3a157f-9ff8-4930-af6a-029fccd74cce",
              "parentUUID": "e3b796bb-2a16-4498-9c53-7c6e08bce23b",
              "isHook": false,
              "skipped": true
            },
            {
              "title": "Verify 'Enrollment' form submission for the page: /insurance/eecu/chubb/hap in Stage Environment",
              "fullTitle": "Check the 'Enrollment' form submission for Stage Environment Verify 'Enrollment' form submission for the page: /insurance/eecu/chubb/hap in Stage Environment",
              "timedOut": null,
              "duration": 0,
              "state": "skipped",
              "speed": null,
              "pass": false,
              "fail": false,
              "pending": false,
              "context": null,
              "code": "cy.visit(testUrl);\ncy.stageEnrollmentFormSubmissionViaUI(testUrl, page.enroll_state, page.enroll_accesscode, page.enroll_lname, page.enroll_fname, page.enroll_mi, page.enroll_address1, page.enroll_address2, page.enroll_city, page.enroll_zip, page.cov_email);",
              "err": {},
              "uuid": "f30c6e19-5391-4d2e-96f9-ac9d3bfdcb81",
              "parentUUID": "e3b796bb-2a16-4498-9c53-7c6e08bce23b",
              "isHook": false,
              "skipped": true
            },
            {
              "title": "Verify 'Enrollment' form submission for the page: /insurance/renasant-bank/chubb/hap in Stage Environment",
              "fullTitle": "Check the 'Enrollment' form submission for Stage Environment Verify 'Enrollment' form submission for the page: /insurance/renasant-bank/chubb/hap in Stage Environment",
              "timedOut": null,
              "duration": 0,
              "state": "skipped",
              "speed": null,
              "pass": false,
              "fail": false,
              "pending": false,
              "context": null,
              "code": "cy.visit(testUrl);\ncy.stageEnrollmentFormSubmissionViaUI(testUrl, page.enroll_state, page.enroll_accesscode, page.enroll_lname, page.enroll_fname, page.enroll_mi, page.enroll_address1, page.enroll_address2, page.enroll_city, page.enroll_zip, page.cov_email);",
              "err": {},
              "uuid": "f8ef1b12-0a28-47d1-b293-6706c3f76ef7",
              "parentUUID": "e3b796bb-2a16-4498-9c53-7c6e08bce23b",
              "isHook": false,
              "skipped": true
            },
            {
              "title": "Verify 'Enrollment' form submission for the page: /insurance/eecu/mnl/add in Stage Environment",
              "fullTitle": "Check the 'Enrollment' form submission for Stage Environment Verify 'Enrollment' form submission for the page: /insurance/eecu/mnl/add in Stage Environment",
              "timedOut": null,
              "duration": 0,
              "state": "skipped",
              "speed": null,
              "pass": false,
              "fail": false,
              "pending": false,
              "context": null,
              "code": "cy.visit(testUrl);\ncy.stageEnrollmentFormSubmissionViaUI(testUrl, page.enroll_state, page.enroll_accesscode, page.enroll_lname, page.enroll_fname, page.enroll_mi, page.enroll_address1, page.enroll_address2, page.enroll_city, page.enroll_zip, page.cov_email);",
              "err": {},
              "uuid": "6e81709d-c0a9-4f8e-aed0-e619f11d2167",
              "parentUUID": "e3b796bb-2a16-4498-9c53-7c6e08bce23b",
              "isHook": false,
              "skipped": true
            }
          ],
          "suites": [],
          "passes": [
            "851a0010-9b7f-4665-b001-5eaa93033c8e"
          ],
          "failures": [],
          "pending": [],
          "skipped": [
            "717685f8-37f8-46fa-b1ac-e73056513fc7",
            "f92d63f6-3423-4aa7-b052-228e189a9c94",
            "57aff0a9-20c0-44bd-95b4-2501c2ddb3b3",
            "bca1b801-2c61-40fd-8f3a-7960966506b3",
            "8e3a157f-9ff8-4930-af6a-029fccd74cce",
            "f30c6e19-5391-4d2e-96f9-ac9d3bfdcb81",
            "f8ef1b12-0a28-47d1-b293-6706c3f76ef7",
            "6e81709d-c0a9-4f8e-aed0-e619f11d2167"
          ],
          "duration": 52157,
          "root": false,
          "rootEmpty": false,
          "_timeout": 2000
        }
      ],
      "passes": [],
      "failures": [],
      "pending": [],
      "skipped": [],
      "duration": 0,
      "root": true,
      "rootEmpty": true,
      "_timeout": 2000
    }
  ],
  "meta": {
    "mocha": {
      "version": "7.0.1"
    },
    "mochawesome": {
      "options": {
        "quiet": false,
        "reportFilename": "mochawesome",
        "saveHtml": true,
        "saveJson": true,
        "consoleReporter": "spec",
        "useInlineDiffs": false,
        "code": true
      },
      "version": "7.1.3"
    },
    "marge": {
      "options": null,
      "version": "6.2.0"
    }
  }
}