{
  "stats": {
    "suites": 1,
    "tests": 1,
    "passes": 1,
    "pending": 0,
    "failures": 0,
    "start": "2024-02-12T08:06:32.225Z",
    "end": "2024-02-12T08:07:13.767Z",
    "duration": 41542,
    "testsRegistered": 8,
    "passPercent": 12.5,
    "pendingPercent": 0,
    "other": 0,
    "hasOther": false,
    "skipped": 7,
    "hasSkipped": true
  },
  "results": [
    {
      "uuid": "c422b932-d40b-4fc7-a483-56b7a7c1eb72",
      "title": "",
      "fullFile": "cypress/e2e/Functional/enrollment.cy.js",
      "file": "cypress/e2e/Functional/enrollment.cy.js",
      "beforeHooks": [],
      "afterHooks": [],
      "tests": [],
      "suites": [
        {
          "uuid": "5526f3c1-226a-4caf-b082-8b4b9e85cd24",
          "title": "Check the 'Enrollment' form submission for Production Environment",
          "fullFile": "",
          "file": "",
          "beforeHooks": [],
          "afterHooks": [],
          "tests": [
            {
              "title": "Verify 'Enrollment' form submission for the page: /insurance/gesa-credit-union/mnl/add in prod Environment",
              "fullTitle": "Check the 'Enrollment' form submission for Production Environment Verify 'Enrollment' form submission for the page: /insurance/gesa-credit-union/mnl/add in prod Environment",
              "timedOut": null,
              "duration": 37486,
              "state": "passed",
              "speed": "slow",
              "pass": true,
              "fail": false,
              "pending": false,
              "context": null,
              "code": "cy.prodEnrollmentFormSubmissionViaUI(testUrl, page.enroll_state, page.enroll_accesscode, page.enroll_lname, page.enroll_fname, page.enroll_mi, page.enroll_address1, page.enroll_address2, page.enroll_city, page.enroll_zip, page.cov_email);",
              "err": {},
              "uuid": "0eb893ee-b456-4263-8b05-3e3c73894115",
              "parentUUID": "5526f3c1-226a-4caf-b082-8b4b9e85cd24",
              "isHook": false,
              "skipped": false
            },
            {
              "title": "Verify 'Enrollment' form submission for the page: /insurance/truist/mnl/hap in prod Environment",
              "fullTitle": "Check the 'Enrollment' form submission for Production Environment Verify 'Enrollment' form submission for the page: /insurance/truist/mnl/hap in prod Environment",
              "timedOut": null,
              "duration": 0,
              "state": "skipped",
              "speed": null,
              "pass": false,
              "fail": false,
              "pending": false,
              "context": null,
              "code": "cy.prodEnrollmentFormSubmissionViaUI(testUrl, page.enroll_state, page.enroll_accesscode, page.enroll_lname, page.enroll_fname, page.enroll_mi, page.enroll_address1, page.enroll_address2, page.enroll_city, page.enroll_zip, page.cov_email);",
              "err": {},
              "uuid": "e43d2177-f7e0-4f4f-aa07-48a8441fac21",
              "parentUUID": "5526f3c1-226a-4caf-b082-8b4b9e85cd24",
              "isHook": false,
              "skipped": true
            },
            {
              "title": "Verify 'Enrollment' form submission for the page: /insurance/indiana-state-university-fcu/chubb/add in prod Environment",
              "fullTitle": "Check the 'Enrollment' form submission for Production Environment Verify 'Enrollment' form submission for the page: /insurance/indiana-state-university-fcu/chubb/add in prod Environment",
              "timedOut": null,
              "duration": 0,
              "state": "skipped",
              "speed": null,
              "pass": false,
              "fail": false,
              "pending": false,
              "context": null,
              "code": "cy.prodEnrollmentFormSubmissionViaUI(testUrl, page.enroll_state, page.enroll_accesscode, page.enroll_lname, page.enroll_fname, page.enroll_mi, page.enroll_address1, page.enroll_address2, page.enroll_city, page.enroll_zip, page.cov_email);",
              "err": {},
              "uuid": "031ee943-08f2-4101-8936-7d24ec4f3248",
              "parentUUID": "5526f3c1-226a-4caf-b082-8b4b9e85cd24",
              "isHook": false,
              "skipped": true
            },
            {
              "title": "Verify 'Enrollment' form submission for the page: /insurance/eecu/mnl/add in prod Environment",
              "fullTitle": "Check the 'Enrollment' form submission for Production Environment Verify 'Enrollment' form submission for the page: /insurance/eecu/mnl/add in prod Environment",
              "timedOut": null,
              "duration": 0,
              "state": "skipped",
              "speed": null,
              "pass": false,
              "fail": false,
              "pending": false,
              "context": null,
              "code": "cy.prodEnrollmentFormSubmissionViaUI(testUrl, page.enroll_state, page.enroll_accesscode, page.enroll_lname, page.enroll_fname, page.enroll_mi, page.enroll_address1, page.enroll_address2, page.enroll_city, page.enroll_zip, page.cov_email);",
              "err": {},
              "uuid": "d00389ac-ef24-43ab-ae62-64c92ccf6f75",
              "parentUUID": "5526f3c1-226a-4caf-b082-8b4b9e85cd24",
              "isHook": false,
              "skipped": true
            },
            {
              "title": "Verify 'Enrollment' form submission for the page: /insurance/broadview-federal-credit-union/securian/add in prod Environment",
              "fullTitle": "Check the 'Enrollment' form submission for Production Environment Verify 'Enrollment' form submission for the page: /insurance/broadview-federal-credit-union/securian/add in prod Environment",
              "timedOut": null,
              "duration": 0,
              "state": "skipped",
              "speed": null,
              "pass": false,
              "fail": false,
              "pending": false,
              "context": null,
              "code": "cy.prodEnrollmentFormSubmissionViaUI(testUrl, page.enroll_state, page.enroll_accesscode, page.enroll_lname, page.enroll_fname, page.enroll_mi, page.enroll_address1, page.enroll_address2, page.enroll_city, page.enroll_zip, page.cov_email);",
              "err": {},
              "uuid": "3431fb59-9d93-47a4-99ec-54961f5d2785",
              "parentUUID": "5526f3c1-226a-4caf-b082-8b4b9e85cd24",
              "isHook": false,
              "skipped": true
            },
            {
              "title": "Verify 'Enrollment' form submission for the page: /insurance/vantage-credit-union/sirius/add in prod Environment",
              "fullTitle": "Check the 'Enrollment' form submission for Production Environment Verify 'Enrollment' form submission for the page: /insurance/vantage-credit-union/sirius/add in prod Environment",
              "timedOut": null,
              "duration": 0,
              "state": "skipped",
              "speed": null,
              "pass": false,
              "fail": false,
              "pending": false,
              "context": null,
              "code": "cy.prodEnrollmentFormSubmissionViaUI(testUrl, page.enroll_state, page.enroll_accesscode, page.enroll_lname, page.enroll_fname, page.enroll_mi, page.enroll_address1, page.enroll_address2, page.enroll_city, page.enroll_zip, page.cov_email);",
              "err": {},
              "uuid": "10bcfe9f-757c-43ce-b25f-4e452a8cbf1f",
              "parentUUID": "5526f3c1-226a-4caf-b082-8b4b9e85cd24",
              "isHook": false,
              "skipped": true
            },
            {
              "title": "Verify 'Enrollment' form submission for the page: /insurance/renasant-bank/chubb/hap in prod Environment",
              "fullTitle": "Check the 'Enrollment' form submission for Production Environment Verify 'Enrollment' form submission for the page: /insurance/renasant-bank/chubb/hap in prod Environment",
              "timedOut": null,
              "duration": 0,
              "state": "skipped",
              "speed": null,
              "pass": false,
              "fail": false,
              "pending": false,
              "context": null,
              "code": "cy.prodEnrollmentFormSubmissionViaUI(testUrl, page.enroll_state, page.enroll_accesscode, page.enroll_lname, page.enroll_fname, page.enroll_mi, page.enroll_address1, page.enroll_address2, page.enroll_city, page.enroll_zip, page.cov_email);",
              "err": {},
              "uuid": "2ec58103-167f-4732-bd5d-464439f1b99e",
              "parentUUID": "5526f3c1-226a-4caf-b082-8b4b9e85cd24",
              "isHook": false,
              "skipped": true
            },
            {
              "title": "Verify 'Enrollment' form submission for the page: /insurance/suncoast-credit-union/chubb/hap in prod Environment",
              "fullTitle": "Check the 'Enrollment' form submission for Production Environment Verify 'Enrollment' form submission for the page: /insurance/suncoast-credit-union/chubb/hap in prod Environment",
              "timedOut": null,
              "duration": 0,
              "state": "skipped",
              "speed": null,
              "pass": false,
              "fail": false,
              "pending": false,
              "context": null,
              "code": "cy.prodEnrollmentFormSubmissionViaUI(testUrl, page.enroll_state, page.enroll_accesscode, page.enroll_lname, page.enroll_fname, page.enroll_mi, page.enroll_address1, page.enroll_address2, page.enroll_city, page.enroll_zip, page.cov_email);",
              "err": {},
              "uuid": "4e0c9b00-7443-4a8b-9294-9954c0383a98",
              "parentUUID": "5526f3c1-226a-4caf-b082-8b4b9e85cd24",
              "isHook": false,
              "skipped": true
            }
          ],
          "suites": [],
          "passes": [
            "0eb893ee-b456-4263-8b05-3e3c73894115"
          ],
          "failures": [],
          "pending": [],
          "skipped": [
            "e43d2177-f7e0-4f4f-aa07-48a8441fac21",
            "031ee943-08f2-4101-8936-7d24ec4f3248",
            "d00389ac-ef24-43ab-ae62-64c92ccf6f75",
            "3431fb59-9d93-47a4-99ec-54961f5d2785",
            "10bcfe9f-757c-43ce-b25f-4e452a8cbf1f",
            "2ec58103-167f-4732-bd5d-464439f1b99e",
            "4e0c9b00-7443-4a8b-9294-9954c0383a98"
          ],
          "duration": 37486,
          "root": false,
          "rootEmpty": false,
          "_timeout": 2000
        }
      ],
      "passes": [],
      "failures": [],
      "pending": [],
      "skipped": [],
      "duration": 0,
      "root": true,
      "rootEmpty": true,
      "_timeout": 2000
    }
  ],
  "meta": {
    "mocha": {
      "version": "7.0.1"
    },
    "mochawesome": {
      "options": {
        "quiet": false,
        "reportFilename": "mochawesome",
        "saveHtml": true,
        "saveJson": true,
        "consoleReporter": "spec",
        "useInlineDiffs": false,
        "code": true
      },
      "version": "7.1.3"
    },
    "marge": {
      "options": null,
      "version": "6.2.0"
    }
  }
}